2019-08-06 11:19:08.043  INFO 53600 --- [main] com.bbg.SpringCloudDemoApplication       : Starting SpringCloudDemoApplication on JTIT-MAZAIWEN with PID 53600 (D:\workspace\springCloudDemo\target\classes started by 1000132502 in D:\workspace\springCloudDemo)
2019-08-06 11:19:08.052  INFO 53600 --- [main] com.bbg.SpringCloudDemoApplication       : No active profile set, falling back to default profiles: default
2019-08-06 11:19:08.129  INFO 53600 --- [main] ConfigServletWebServerApplicationContext : Refreshing org.springframework.boot.web.servlet.context.AnnotationConfigServletWebServerApplicationContext@c667f46: startup date [Tue Aug 06 11:19:08 CST 2019]; root of context hierarchy
2019-08-06 11:19:08.918  INFO 53600 --- [main] c.c.f.f.i.p.DefaultApplicationProvider   : App ID is set to shelves-tent-manager by app.id property from /META-INF/app.properties
2019-08-06 11:19:08.925  INFO 53600 --- [main] c.c.f.f.i.p.DefaultServerProvider        : Environment is set to null. Because it is not available in either (1) JVM system property 'env', (2) OS env variable 'ENV' nor (3) property 'env' from the properties InputStream.
2019-08-06 11:19:09.218  WARN 53600 --- [main] c.c.f.a.i.DefaultMetaServerProvider      : Could not find meta server address, because it is not available in neither (1) JVM system property 'apollo.meta', (2) OS env variable 'APOLLO_META' (3) property 'apollo.meta' from server.properties nor (4) property 'apollo.meta' from app.properties
2019-08-06 11:19:09.222  WARN 53600 --- [main] c.c.f.apollo.core.MetaDomainConsts       : Meta server address fallback to http://apollo.meta for env UNKNOWN, because it is not available in all MetaServerProviders
2019-08-06 11:19:13.663  WARN 53600 --- [main] c.c.f.a.i.AbstractConfigRepository       : Sync config failed, will retry. Repository class com.ctrip.framework.apollo.internals.RemoteConfigRepository, reason: Get config services failed from http://apollo.meta/services/config?appId=shelves-tent-manager&ip=10.12.30.82 [Cause: Could not complete get operation [Cause: apollo.meta]]
2019-08-06 11:19:15.669  WARN 53600 --- [main] c.c.f.a.i.LocalFileConfigRepository      : Sync config from upstream repository class com.ctrip.framework.apollo.internals.RemoteConfigRepository failed, reason: Get config services failed from http://apollo.meta/services/config?appId=shelves-tent-manager&ip=10.12.30.82 [Cause: Could not complete get operation [Cause: apollo.meta]]
2019-08-06 11:19:17.672  WARN 53600 --- [Apollo-RemoteConfigLongPollService-1] c.c.f.a.i.RemoteConfigLongPollService    : Long polling failed, will retry in 1 seconds. appId: shelves-tent-manager, cluster: default, namespaces: application, long polling url: null, reason: Get config services failed from http://apollo.meta/services/config?appId=shelves-tent-manager&ip=10.12.30.82 [Cause: Could not complete get operation [Cause: apollo.meta]]
2019-08-06 11:19:19.673  WARN 53600 --- [main] c.c.f.a.i.LocalFileConfigRepository      : Sync config from upstream repository class com.ctrip.framework.apollo.internals.RemoteConfigRepository failed, reason: Get config services failed from http://apollo.meta/services/config?appId=shelves-tent-manager&ip=10.12.30.82 [Cause: Could not complete get operation [Cause: apollo.meta]]
2019-08-06 11:19:19.673  WARN 53600 --- [main] c.c.f.a.i.AbstractConfigRepository       : Sync config failed, will retry. Repository class com.ctrip.framework.apollo.internals.LocalFileConfigRepository, reason: Load config from local config failed! [Cause: Cannot read from local cache file C:\opt\data\shelves-tent-manager\config-cache\shelves-tent-manager+default+application.properties]
2019-08-06 11:19:21.681  WARN 53600 --- [Apollo-RemoteConfigLongPollService-1] c.c.f.a.i.RemoteConfigLongPollService    : Long polling failed, will retry in 2 seconds. appId: shelves-tent-manager, cluster: default, namespaces: application, long polling url: null, reason: Get config services failed from http://apollo.meta/services/config?appId=shelves-tent-manager&ip=10.12.30.82 [Cause: Could not complete get operation [Cause: apollo.meta]]
2019-08-06 11:19:23.683  WARN 53600 --- [main] c.c.f.a.i.LocalFileConfigRepository      : Sync config from upstream repository class com.ctrip.framework.apollo.internals.RemoteConfigRepository failed, reason: Get config services failed from http://apollo.meta/services/config?appId=shelves-tent-manager&ip=10.12.30.82 [Cause: Could not complete get operation [Cause: apollo.meta]]
2019-08-06 11:19:23.683  WARN 53600 --- [main] c.c.f.apollo.internals.DefaultConfig     : Init Apollo Local Config failed - namespace: application, reason: Load config from local config failed! [Cause: Cannot read from local cache file C:\opt\data\shelves-tent-manager\config-cache\shelves-tent-manager+default+application.properties].
2019-08-06 11:19:23.699  INFO 53600 --- [main] f.a.AutowiredAnnotationBeanPostProcessor : JSR-330 'javax.inject.Inject' annotation found and supported for autowiring
2019-08-06 11:19:23.736  WARN 53600 --- [main] c.c.f.apollo.internals.DefaultConfig     : Could not load config for namespace application from Apollo, please check whether the configs are released in Apollo! Return default value now!
2019-08-06 11:19:24.504  INFO 53600 --- [main] o.s.b.w.embedded.tomcat.TomcatWebServer  : Tomcat initialized with port(s): 8282 (http)
2019-08-06 11:19:24.536  INFO 53600 --- [main] o.apache.catalina.core.StandardService   : Starting service [Tomcat]
2019-08-06 11:19:24.536  INFO 53600 --- [main] org.apache.catalina.core.StandardEngine  : Starting Servlet Engine: Apache Tomcat/8.5.34
2019-08-06 11:19:24.545  INFO 53600 --- [localhost-startStop-1] o.a.catalina.core.AprLifecycleListener   : The APR based Apache Tomcat Native library which allows optimal performance in production environments was not found on the java.library.path: [D:\DevTools\Java\jdk1.8.0_141\bin;C:\Windows\Sun\Java\bin;C:\Windows\system32;C:\Windows;D:/DevTools/Java/jdk1.8.0_141/bin/../jre/bin/server;D:/DevTools/Java/jdk1.8.0_141/bin/../jre/bin;D:/DevTools/Java/jdk1.8.0_141/bin/../jre/lib/amd64;C:\Windows\system32;C:\Windows;C:\Windows\System32\Wbem;C:\Windows\System32\WindowsPowerShell\v1.0\;C:\Windows\System32\OpenSSH\;C:\Program Files (x86)\MySQL\MySQL Fabric 1.5.2 & MySQL Utilities 1.5.2 1.5\;C:\Program Files (x86)\MySQL\MySQL Fabric 1.5.2 & MySQL Utilities 1.5.2 1.5\Doctrine extensions for PHP\;D:\DevTools\SVN\bin;D:\DevTools\Git\bin;D:\DevTools\GitServer\cmd;D:\DevTools\apache-maven-3.2.3\bin;D:\DevTools\Java\jdk1.8.0_141\bin;D:\DevTools\Java\jdk1.8.0_141\jre\bin;C:\Users\1000132502\AppData\Local\Microsoft\WindowsApps;;D:\DevTools\eclipse-4.4.1;;.]
2019-08-06 11:19:24.651  INFO 53600 --- [localhost-startStop-1] o.a.c.c.C.[Tomcat].[localhost].[/]       : Initializing Spring embedded WebApplicationContext
2019-08-06 11:19:24.651  INFO 53600 --- [localhost-startStop-1] o.s.web.context.ContextLoader            : Root WebApplicationContext: initialization completed in 16523 ms
2019-08-06 11:19:24.804  INFO 53600 --- [localhost-startStop-1] o.s.b.w.servlet.ServletRegistrationBean  : Servlet dispatcherServlet mapped to [/]
2019-08-06 11:19:24.807  INFO 53600 --- [localhost-startStop-1] o.s.b.w.servlet.ServletRegistrationBean  : Servlet statViewServlet mapped to [/druid/*]
2019-08-06 11:19:24.811  INFO 53600 --- [localhost-startStop-1] o.s.b.w.servlet.FilterRegistrationBean   : Mapping filter: 'characterEncodingFilter' to: [/*]
2019-08-06 11:19:24.812  INFO 53600 --- [localhost-startStop-1] o.s.b.w.servlet.FilterRegistrationBean   : Mapping filter: 'hiddenHttpMethodFilter' to: [/*]
2019-08-06 11:19:24.812  INFO 53600 --- [localhost-startStop-1] o.s.b.w.servlet.FilterRegistrationBean   : Mapping filter: 'httpPutFormContentFilter' to: [/*]
2019-08-06 11:19:24.812  INFO 53600 --- [localhost-startStop-1] o.s.b.w.servlet.FilterRegistrationBean   : Mapping filter: 'requestContextFilter' to: [/*]
2019-08-06 11:19:24.813  INFO 53600 --- [localhost-startStop-1] o.s.b.w.servlet.FilterRegistrationBean   : Mapping filter: 'webStatFilter' to urls: [/*]
2019-08-06 11:19:25.062  INFO 53600 --- [main] c.b.d.d.DynamicDataSourceCreator         : 动态数据源-检测到druid存在,如配置中未指定type,druid会默认配置
2019-08-06 11:19:25.429  INFO 53600 --- [main] com.alibaba.druid.pool.DruidDataSource   : {dataSource-1,mysql} inited
2019-08-06 11:19:25.430  WARN 53600 --- [main] c.a.druid.pool.DruidAbstractDataSource   : oracle.jdbc.driver.OracleDriver is deprecated.Having use oracle.jdbc.OracleDriver.
2019-08-06 11:19:25.684  WARN 53600 --- [Apollo-RemoteConfigLongPollService-1] c.c.f.a.i.RemoteConfigLongPollService    : Long polling failed, will retry in 4 seconds. appId: shelves-tent-manager, cluster: default, namespaces: application, long polling url: null, reason: Get config services failed from http://apollo.meta/services/config?appId=shelves-tent-manager&ip=10.12.30.82 [Cause: Could not complete get operation [Cause: apollo.meta]]
2019-08-06 11:19:25.949  INFO 53600 --- [main] com.alibaba.druid.pool.DruidDataSource   : {dataSource-2,oracle} inited
2019-08-06 11:19:25.949  INFO 53600 --- [main] c.b.d.d.DynamicRoutingDataSource         : 初始共加载 2 个数据源
2019-08-06 11:19:25.950  INFO 53600 --- [main] c.b.d.d.DynamicRoutingDataSource         : 动态数据源-加载 mysql 成功
2019-08-06 11:19:25.950  INFO 53600 --- [main] c.b.d.d.DynamicRoutingDataSource         : 动态数据源-加载 oracle 成功
2019-08-06 11:19:25.950  INFO 53600 --- [main] c.b.d.d.DynamicRoutingDataSource         : 当前的默认数据源是单数据源，数据源名为 oracle
2019-08-06 11:19:26.088  WARN 53600 --- [main] c.b.mybatisplus.toolkit.TableInfoHelper  : Warn: Could not find @TableId in Class: com.bbg.pojo.GoodsSkuRule.
2019-08-06 11:19:26.089  WARN 53600 --- [main] c.b.mybatisplus.mapper.AutoSqlInjector   : class com.bbg.pojo.GoodsSkuRule ,Not found @TableId annotation, Cannot use Mybatis-Plus 'xxById' Method.
2019-08-06 11:19:26.159  WARN 53600 --- [main] c.b.mybatisplus.toolkit.TableInfoHelper  : Warn: Could not find @TableId in Class: com.bbg.pojo.SpacemanReclass.
2019-08-06 11:19:26.159  WARN 53600 --- [main] c.b.mybatisplus.mapper.AutoSqlInjector   : class com.bbg.pojo.SpacemanReclass ,Not found @TableId annotation, Cannot use Mybatis-Plus 'xxById' Method.
2019-08-06 11:19:26.455  INFO 53600 --- [main] o.s.w.s.handler.SimpleUrlHandlerMapping  : Mapped URL path [/**/favicon.ico] onto handler of type [class org.springframework.web.servlet.resource.ResourceHttpRequestHandler]
2019-08-06 11:19:26.656  INFO 53600 --- [main] s.w.s.m.m.a.RequestMappingHandlerAdapter : Looking for @ControllerAdvice: org.springframework.boot.web.servlet.context.AnnotationConfigServletWebServerApplicationContext@c667f46: startup date [Tue Aug 06 11:19:08 CST 2019]; root of context hierarchy
2019-08-06 11:19:26.736  INFO 53600 --- [main] s.w.s.m.m.a.RequestMappingHandlerMapping : Mapped "{[/api/hello/exportExcel],methods=[GET]}" onto public void com.bbg.controller.HelloWorldController.exportExcel(org.apache.catalina.connector.Response) throws java.io.IOException
2019-08-06 11:19:26.738  INFO 53600 --- [main] s.w.s.m.m.a.RequestMappingHandlerMapping : Mapped "{[/api/hello/readExcel],methods=[POST]}" onto public void com.bbg.controller.HelloWorldController.readExcel(org.springframework.web.multipart.MultipartFile)
2019-08-06 11:19:26.740  INFO 53600 --- [main] s.w.s.m.m.a.RequestMappingHandlerMapping : Mapped "{[/spacemanReclass/getSkuNum]}" onto private java.util.List<com.bbg.pojo.GoodsSkuRule> com.bbg.controller.SpacemanReclassController.getSkuNum(java.util.Map<java.lang.String, java.lang.String>)
2019-08-06 11:19:26.741  INFO 53600 --- [main] s.w.s.m.m.a.RequestMappingHandlerMapping : Mapped "{[/spacemanReclass/getSkuNumPage]}" onto private com.github.pagehelper.PageInfo com.bbg.controller.SpacemanReclassController.getSkuNumPage(java.util.Map<java.lang.String, java.lang.String>,com.github.pagehelper.PageInfo)
2019-08-06 11:19:26.741  INFO 53600 --- [main] s.w.s.m.m.a.RequestMappingHandlerMapping : Mapped "{[/spacemanReclass/getGoodsSkuRuleList]}" onto public java.util.List<com.bbg.pojo.GoodsSkuRule> com.bbg.controller.SpacemanReclassController.getGoodsSkuRuleList()
2019-08-06 11:19:26.742  INFO 53600 --- [main] s.w.s.m.m.a.RequestMappingHandlerMapping : Mapped "{[/spacemanReclass/getLayoutCategory]}" onto private java.util.List<com.bbg.pojo.SpacemanReclass> com.bbg.controller.SpacemanReclassController.getLayoutCategory(java.util.Map<java.lang.String, java.lang.String>)
2019-08-06 11:19:26.742  INFO 53600 --- [main] s.w.s.m.m.a.RequestMappingHandlerMapping : Mapped "{[/spacemanReclass/getLayoutCategoryPage]}" onto private com.github.pagehelper.PageInfo com.bbg.controller.SpacemanReclassController.getLayoutCategoryPage(java.util.Map<java.lang.String, java.lang.String>,com.github.pagehelper.PageInfo)
2019-08-06 11:19:26.743  INFO 53600 --- [main] s.w.s.m.m.a.RequestMappingHandlerMapping : Mapped "{[/spacemanReclass/testDynamicDatasource]}" onto public java.util.List<com.bbg.pojo.Inventory> com.bbg.controller.SpacemanReclassController.testDynamicDatasource()
2019-08-06 11:19:26.745  INFO 53600 --- [main] s.w.s.m.m.a.RequestMappingHandlerMapping : Mapped "{[/error]}" onto public org.springframework.http.ResponseEntity<java.util.Map<java.lang.String, java.lang.Object>> org.springframework.boot.autoconfigure.web.servlet.error.BasicErrorController.error(javax.servlet.http.HttpServletRequest)
2019-08-06 11:19:26.747  INFO 53600 --- [main] s.w.s.m.m.a.RequestMappingHandlerMapping : Mapped "{[/error],produces=[text/html]}" onto public org.springframework.web.servlet.ModelAndView org.springframework.boot.autoconfigure.web.servlet.error.BasicErrorController.errorHtml(javax.servlet.http.HttpServletRequest,javax.servlet.http.HttpServletResponse)
2019-08-06 11:19:26.776  INFO 53600 --- [main] o.s.w.s.handler.SimpleUrlHandlerMapping  : Mapped URL path [/webjars/**] onto handler of type [class org.springframework.web.servlet.resource.ResourceHttpRequestHandler]
2019-08-06 11:19:26.777  INFO 53600 --- [main] o.s.w.s.handler.SimpleUrlHandlerMapping  : Mapped URL path [/**] onto handler of type [class org.springframework.web.servlet.resource.ResourceHttpRequestHandler]
2019-08-06 11:19:27.179  INFO 53600 --- [main] o.s.j.e.a.AnnotationMBeanExporter        : Registering beans for JMX exposure on startup
2019-08-06 11:19:27.181  INFO 53600 --- [main] o.s.j.e.a.AnnotationMBeanExporter        : Bean with name 'statFilter' has been autodetected for JMX exposure
2019-08-06 11:19:27.185  INFO 53600 --- [main] o.s.j.e.a.AnnotationMBeanExporter        : Located MBean 'statFilter': registering with JMX server as MBean [com.alibaba.druid.filter.stat:name=statFilter,type=StatFilter]
2019-08-06 11:19:27.218  INFO 53600 --- [main] o.s.b.w.embedded.tomcat.TomcatWebServer  : Tomcat started on port(s): 8282 (http) with context path ''
2019-08-06 11:19:27.222  INFO 53600 --- [main] com.bbg.SpringCloudDemoApplication       : Started SpringCloudDemoApplication in 19.543 seconds (JVM running for 20.174)
2019-08-06 11:19:31.698  WARN 53600 --- [Apollo-RemoteConfigLongPollService-1] c.c.f.a.i.RemoteConfigLongPollService    : Long polling failed, will retry in 8 seconds. appId: shelves-tent-manager, cluster: default, namespaces: application, long polling url: null, reason: Get config services failed from http://apollo.meta/services/config?appId=shelves-tent-manager&ip=10.12.30.82 [Cause: Could not complete get operation [Cause: apollo.meta]]
2019-08-06 11:19:41.709  WARN 53600 --- [Apollo-RemoteConfigLongPollService-1] c.c.f.a.i.RemoteConfigLongPollService    : Long polling failed, will retry in 16 seconds. appId: shelves-tent-manager, cluster: default, namespaces: application, long polling url: null, reason: Get config services failed from http://apollo.meta/services/config?appId=shelves-tent-manager&ip=10.12.30.82 [Cause: Could not complete get operation [Cause: apollo.meta]]
2019-08-06 11:19:59.716  WARN 53600 --- [Apollo-RemoteConfigLongPollService-1] c.c.f.a.i.RemoteConfigLongPollService    : Long polling failed, will retry in 32 seconds. appId: shelves-tent-manager, cluster: default, namespaces: application, long polling url: null, reason: Get config services failed from http://apollo.meta/services/config?appId=shelves-tent-manager&ip=10.12.30.82 [Cause: Could not complete get operation [Cause: apollo.meta]]
2019-08-06 11:20:00.535  INFO 53600 --- [http-nio-8282-exec-1] o.a.c.c.C.[Tomcat].[localhost].[/]       : Initializing Spring FrameworkServlet 'dispatcherServlet'
2019-08-06 11:20:00.535  INFO 53600 --- [http-nio-8282-exec-1] o.s.web.servlet.DispatcherServlet        : FrameworkServlet 'dispatcherServlet': initialization started
2019-08-06 11:20:00.571  INFO 53600 --- [http-nio-8282-exec-1] o.s.web.servlet.DispatcherServlet        : FrameworkServlet 'dispatcherServlet': initialization completed in 35 ms
2019-08-06 11:20:00.603 ERROR 53600 --- [http-nio-8282-exec-1] o.a.c.c.C.[.[.[/].[dispatcherServlet]    : Servlet.service() for servlet [dispatcherServlet] in context with path [] threw exception [Request processing failed; nested exception is java.lang.IllegalStateException: Current response is not of type [org.apache.catalina.connector.Response]: ServletWebRequest: uri=/api/hello/exportExcel;client=0:0:0:0:0:0:0:1] with root cause

java.lang.IllegalStateException: Current response is not of type [org.apache.catalina.connector.Response]: ServletWebRequest: uri=/api/hello/exportExcel;client=0:0:0:0:0:0:0:1
	at org.springframework.web.servlet.mvc.method.annotation.ServletResponseMethodArgumentResolver.resolveNativeResponse(ServletResponseMethodArgumentResolver.java:83) ~[spring-webmvc-5.0.10.RELEASE.jar:5.0.10.RELEASE]
	at org.springframework.web.servlet.mvc.method.annotation.ServletResponseMethodArgumentResolver.resolveArgument(ServletResponseMethodArgumentResolver.java:72) ~[spring-webmvc-5.0.10.RELEASE.jar:5.0.10.RELEASE]
	at org.springframework.web.method.support.HandlerMethodArgumentResolverComposite.resolveArgument(HandlerMethodArgumentResolverComposite.java:124) ~[spring-web-5.0.10.RELEASE.jar:5.0.10.RELEASE]
	at org.springframework.web.method.support.InvocableHandlerMethod.getMethodArgumentValues(InvocableHandlerMethod.java:161) ~[spring-web-5.0.10.RELEASE.jar:5.0.10.RELEASE]
	at org.springframework.web.method.support.InvocableHandlerMethod.invokeForRequest(InvocableHandlerMethod.java:131) ~[spring-web-5.0.10.RELEASE.jar:5.0.10.RELEASE]
	at org.springframework.web.servlet.mvc.method.annotation.ServletInvocableHandlerMethod.invokeAndHandle(ServletInvocableHandlerMethod.java:102) ~[spring-webmvc-5.0.10.RELEASE.jar:5.0.10.RELEASE]
	at org.springframework.web.servlet.mvc.method.annotation.RequestMappingHandlerAdapter.invokeHandlerMethod(RequestMappingHandlerAdapter.java:891) ~[spring-webmvc-5.0.10.RELEASE.jar:5.0.10.RELEASE]
	at org.springframework.web.servlet.mvc.method.annotation.RequestMappingHandlerAdapter.handleInternal(RequestMappingHandlerAdapter.java:797) ~[spring-webmvc-5.0.10.RELEASE.jar:5.0.10.RELEASE]
	at org.springframework.web.servlet.mvc.method.AbstractHandlerMethodAdapter.handle(AbstractHandlerMethodAdapter.java:87) ~[spring-webmvc-5.0.10.RELEASE.jar:5.0.10.RELEASE]
	at org.springframework.web.servlet.DispatcherServlet.doDispatch(DispatcherServlet.java:991) ~[spring-webmvc-5.0.10.RELEASE.jar:5.0.10.RELEASE]
	at org.springframework.web.servlet.DispatcherServlet.doService(DispatcherServlet.java:925) ~[spring-webmvc-5.0.10.RELEASE.jar:5.0.10.RELEASE]
	at org.springframework.web.servlet.FrameworkServlet.processRequest(FrameworkServlet.java:974) ~[spring-webmvc-5.0.10.RELEASE.jar:5.0.10.RELEASE]
	at org.springframework.web.servlet.FrameworkServlet.doGet(FrameworkServlet.java:866) ~[spring-webmvc-5.0.10.RELEASE.jar:5.0.10.RELEASE]
	at javax.servlet.http.HttpServlet.service(HttpServlet.java:635) ~[tomcat-embed-core-8.5.34.jar:8.5.34]
	at org.springframework.web.servlet.FrameworkServlet.service(FrameworkServlet.java:851) ~[spring-webmvc-5.0.10.RELEASE.jar:5.0.10.RELEASE]
	at javax.servlet.http.HttpServlet.service(HttpServlet.java:742) ~[tomcat-embed-core-8.5.34.jar:8.5.34]
	at org.apache.catalina.core.ApplicationFilterChain.internalDoFilter(ApplicationFilterChain.java:231) ~[tomcat-embed-core-8.5.34.jar:8.5.34]
	at org.apache.catalina.core.ApplicationFilterChain.doFilter(ApplicationFilterChain.java:166) ~[tomcat-embed-core-8.5.34.jar:8.5.34]
	at org.apache.tomcat.websocket.server.WsFilter.doFilter(WsFilter.java:52) ~[tomcat-embed-websocket-8.5.34.jar:8.5.34]
	at org.apache.catalina.core.ApplicationFilterChain.internalDoFilter(ApplicationFilterChain.java:193) ~[tomcat-embed-core-8.5.34.jar:8.5.34]
	at org.apache.catalina.core.ApplicationFilterChain.doFilter(ApplicationFilterChain.java:166) ~[tomcat-embed-core-8.5.34.jar:8.5.34]
	at com.alibaba.druid.support.http.WebStatFilter.doFilter(WebStatFilter.java:123) ~[druid-1.1.10.jar:1.1.10]
	at org.apache.catalina.core.ApplicationFilterChain.internalDoFilter(ApplicationFilterChain.java:193) ~[tomcat-embed-core-8.5.34.jar:8.5.34]
	at org.apache.catalina.core.ApplicationFilterChain.doFilter(ApplicationFilterChain.java:166) ~[tomcat-embed-core-8.5.34.jar:8.5.34]
	at org.springframework.web.filter.RequestContextFilter.doFilterInternal(RequestContextFilter.java:99) ~[spring-web-5.0.10.RELEASE.jar:5.0.10.RELEASE]
	at org.springframework.web.filter.OncePerRequestFilter.doFilter(OncePerRequestFilter.java:107) ~[spring-web-5.0.10.RELEASE.jar:5.0.10.RELEASE]
	at org.apache.catalina.core.ApplicationFilterChain.internalDoFilter(ApplicationFilterChain.java:193) ~[tomcat-embed-core-8.5.34.jar:8.5.34]
	at org.apache.catalina.core.ApplicationFilterChain.doFilter(ApplicationFilterChain.java:166) ~[tomcat-embed-core-8.5.34.jar:8.5.34]
	at org.springframework.web.filter.HttpPutFormContentFilter.doFilterInternal(HttpPutFormContentFilter.java:109) ~[spring-web-5.0.10.RELEASE.jar:5.0.10.RELEASE]
	at org.springframework.web.filter.OncePerRequestFilter.doFilter(OncePerRequestFilter.java:107) ~[spring-web-5.0.10.RELEASE.jar:5.0.10.RELEASE]
	at org.apache.catalina.core.ApplicationFilterChain.internalDoFilter(ApplicationFilterChain.java:193) ~[tomcat-embed-core-8.5.34.jar:8.5.34]
	at org.apache.catalina.core.ApplicationFilterChain.doFilter(ApplicationFilterChain.java:166) ~[tomcat-embed-core-8.5.34.jar:8.5.34]
	at org.springframework.web.filter.HiddenHttpMethodFilter.doFilterInternal(HiddenHttpMethodFilter.java:93) ~[spring-web-5.0.10.RELEASE.jar:5.0.10.RELEASE]
	at org.springframework.web.filter.OncePerRequestFilter.doFilter(OncePerRequestFilter.java:107) ~[spring-web-5.0.10.RELEASE.jar:5.0.10.RELEASE]
	at org.apache.catalina.core.ApplicationFilterChain.internalDoFilter(ApplicationFilterChain.java:193) ~[tomcat-embed-core-8.5.34.jar:8.5.34]
	at org.apache.catalina.core.ApplicationFilterChain.doFilter(ApplicationFilterChain.java:166) ~[tomcat-embed-core-8.5.34.jar:8.5.34]
	at org.springframework.web.filter.CharacterEncodingFilter.doFilterInternal(CharacterEncodingFilter.java:200) ~[spring-web-5.0.10.RELEASE.jar:5.0.10.RELEASE]
	at org.springframework.web.filter.OncePerRequestFilter.doFilter(OncePerRequestFilter.java:107) ~[spring-web-5.0.10.RELEASE.jar:5.0.10.RELEASE]
	at org.apache.catalina.core.ApplicationFilterChain.internalDoFilter(ApplicationFilterChain.java:193) ~[tomcat-embed-core-8.5.34.jar:8.5.34]
	at org.apache.catalina.core.ApplicationFilterChain.doFilter(ApplicationFilterChain.java:166) ~[tomcat-embed-core-8.5.34.jar:8.5.34]
	at org.apache.catalina.core.StandardWrapperValve.invoke(StandardWrapperValve.java:198) ~[tomcat-embed-core-8.5.34.jar:8.5.34]
	at org.apache.catalina.core.StandardContextValve.invoke(StandardContextValve.java:96) [tomcat-embed-core-8.5.34.jar:8.5.34]
	at org.apache.catalina.authenticator.AuthenticatorBase.invoke(AuthenticatorBase.java:493) [tomcat-embed-core-8.5.34.jar:8.5.34]
	at org.apache.catalina.core.StandardHostValve.invoke(StandardHostValve.java:140) [tomcat-embed-core-8.5.34.jar:8.5.34]
	at org.apache.catalina.valves.ErrorReportValve.invoke(ErrorReportValve.java:81) [tomcat-embed-core-8.5.34.jar:8.5.34]
	at org.apache.catalina.core.StandardEngineValve.invoke(StandardEngineValve.java:87) [tomcat-embed-core-8.5.34.jar:8.5.34]
	at org.apache.catalina.connector.CoyoteAdapter.service(CoyoteAdapter.java:342) [tomcat-embed-core-8.5.34.jar:8.5.34]
	at org.apache.coyote.http11.Http11Processor.service(Http11Processor.java:800) [tomcat-embed-core-8.5.34.jar:8.5.34]
	at org.apache.coyote.AbstractProcessorLight.process(AbstractProcessorLight.java:66) [tomcat-embed-core-8.5.34.jar:8.5.34]
	at org.apache.coyote.AbstractProtocol$ConnectionHandler.process(AbstractProtocol.java:806) [tomcat-embed-core-8.5.34.jar:8.5.34]
	at org.apache.tomcat.util.net.NioEndpoint$SocketProcessor.doRun(NioEndpoint.java:1498) [tomcat-embed-core-8.5.34.jar:8.5.34]
	at org.apache.tomcat.util.net.SocketProcessorBase.run(SocketProcessorBase.java:49) [tomcat-embed-core-8.5.34.jar:8.5.34]
	at java.util.concurrent.ThreadPoolExecutor.runWorker(ThreadPoolExecutor.java:1149) [na:1.8.0_141]
	at java.util.concurrent.ThreadPoolExecutor$Worker.run(ThreadPoolExecutor.java:624) [na:1.8.0_141]
	at org.apache.tomcat.util.threads.TaskThread$WrappingRunnable.run(TaskThread.java:61) [tomcat-embed-core-8.5.34.jar:8.5.34]
	at java.lang.Thread.run(Thread.java:748) [na:1.8.0_141]

2019-08-06 11:20:33.726  WARN 53600 --- [Apollo-RemoteConfigLongPollService-1] c.c.f.a.i.RemoteConfigLongPollService    : Long polling failed, will retry in 64 seconds. appId: shelves-tent-manager, cluster: default, namespaces: application, long polling url: null, reason: Get config services failed from http://apollo.meta/services/config?appId=shelves-tent-manager&ip=10.12.30.82 [Cause: Could not complete get operation [Cause: apollo.meta]]
2019-08-06 11:21:39.734  WARN 53600 --- [Apollo-RemoteConfigLongPollService-1] c.c.f.a.i.RemoteConfigLongPollService    : Long polling failed, will retry in 120 seconds. appId: shelves-tent-manager, cluster: default, namespaces: application, long polling url: null, reason: Get config services failed from http://apollo.meta/services/config?appId=shelves-tent-manager&ip=10.12.30.82 [Cause: Could not complete get operation [Cause: apollo.meta]]
2019-08-06 11:23:41.741  WARN 53600 --- [Apollo-RemoteConfigLongPollService-1] c.c.f.a.i.RemoteConfigLongPollService    : Long polling failed, will retry in 120 seconds. appId: shelves-tent-manager, cluster: default, namespaces: application, long polling url: null, reason: Get config services failed from http://apollo.meta/services/config?appId=shelves-tent-manager&ip=10.12.30.82 [Cause: Could not complete get operation [Cause: apollo.meta]]
2019-08-06 11:24:15.666  WARN 53600 --- [Apollo-RemoteConfigRepository-1] c.c.f.a.i.AbstractConfigRepository       : Sync config failed, will retry. Repository class com.ctrip.framework.apollo.internals.RemoteConfigRepository, reason: Get config services failed from http://apollo.meta/services/config?appId=shelves-tent-manager&ip=10.12.30.82 [Cause: Could not complete get operation [Cause: apollo.meta]]
2019-08-06 11:25:38.371  INFO 59508 --- [main] com.bbg.SpringCloudDemoApplication       : Starting SpringCloudDemoApplication on JTIT-MAZAIWEN with PID 59508 (D:\workspace\springCloudDemo\target\classes started by 1000132502 in D:\workspace\springCloudDemo)
2019-08-06 11:25:38.374  INFO 59508 --- [main] com.bbg.SpringCloudDemoApplication       : No active profile set, falling back to default profiles: default
2019-08-06 11:25:38.444  INFO 59508 --- [main] ConfigServletWebServerApplicationContext : Refreshing org.springframework.boot.web.servlet.context.AnnotationConfigServletWebServerApplicationContext@c667f46: startup date [Tue Aug 06 11:25:38 CST 2019]; root of context hierarchy
2019-08-06 11:25:39.122  INFO 59508 --- [main] c.c.f.f.i.p.DefaultApplicationProvider   : App ID is set to shelves-tent-manager by app.id property from /META-INF/app.properties
2019-08-06 11:25:39.125  INFO 59508 --- [main] c.c.f.f.i.p.DefaultServerProvider        : Environment is set to null. Because it is not available in either (1) JVM system property 'env', (2) OS env variable 'ENV' nor (3) property 'env' from the properties InputStream.
2019-08-06 11:25:39.309  WARN 59508 --- [main] c.c.f.a.i.DefaultMetaServerProvider      : Could not find meta server address, because it is not available in neither (1) JVM system property 'apollo.meta', (2) OS env variable 'APOLLO_META' (3) property 'apollo.meta' from server.properties nor (4) property 'apollo.meta' from app.properties
2019-08-06 11:25:39.311  WARN 59508 --- [main] c.c.f.apollo.core.MetaDomainConsts       : Meta server address fallback to http://apollo.meta for env UNKNOWN, because it is not available in all MetaServerProviders
2019-08-06 11:25:43.710  WARN 59508 --- [main] c.c.f.a.i.AbstractConfigRepository       : Sync config failed, will retry. Repository class com.ctrip.framework.apollo.internals.RemoteConfigRepository, reason: Get config services failed from http://apollo.meta/services/config?appId=shelves-tent-manager&ip=10.12.30.82 [Cause: Could not complete get operation [Cause: apollo.meta]]
2019-08-06 11:25:45.716  WARN 59508 --- [main] c.c.f.a.i.LocalFileConfigRepository      : Sync config from upstream repository class com.ctrip.framework.apollo.internals.RemoteConfigRepository failed, reason: Get config services failed from http://apollo.meta/services/config?appId=shelves-tent-manager&ip=10.12.30.82 [Cause: Could not complete get operation [Cause: apollo.meta]]
2019-08-06 11:25:47.718  WARN 59508 --- [Apollo-RemoteConfigLongPollService-1] c.c.f.a.i.RemoteConfigLongPollService    : Long polling failed, will retry in 1 seconds. appId: shelves-tent-manager, cluster: default, namespaces: application, long polling url: null, reason: Get config services failed from http://apollo.meta/services/config?appId=shelves-tent-manager&ip=10.12.30.82 [Cause: Could not complete get operation [Cause: apollo.meta]]
2019-08-06 11:25:49.718  WARN 59508 --- [main] c.c.f.a.i.LocalFileConfigRepository      : Sync config from upstream repository class com.ctrip.framework.apollo.internals.RemoteConfigRepository failed, reason: Get config services failed from http://apollo.meta/services/config?appId=shelves-tent-manager&ip=10.12.30.82 [Cause: Could not complete get operation [Cause: apollo.meta]]
2019-08-06 11:25:49.719  WARN 59508 --- [main] c.c.f.a.i.AbstractConfigRepository       : Sync config failed, will retry. Repository class com.ctrip.framework.apollo.internals.LocalFileConfigRepository, reason: Load config from local config failed! [Cause: Cannot read from local cache file C:\opt\data\shelves-tent-manager\config-cache\shelves-tent-manager+default+application.properties]
2019-08-06 11:25:51.726  WARN 59508 --- [Apollo-RemoteConfigLongPollService-1] c.c.f.a.i.RemoteConfigLongPollService    : Long polling failed, will retry in 2 seconds. appId: shelves-tent-manager, cluster: default, namespaces: application, long polling url: null, reason: Get config services failed from http://apollo.meta/services/config?appId=shelves-tent-manager&ip=10.12.30.82 [Cause: Could not complete get operation [Cause: apollo.meta]]
2019-08-06 11:25:53.727  WARN 59508 --- [main] c.c.f.a.i.LocalFileConfigRepository      : Sync config from upstream repository class com.ctrip.framework.apollo.internals.RemoteConfigRepository failed, reason: Get config services failed from http://apollo.meta/services/config?appId=shelves-tent-manager&ip=10.12.30.82 [Cause: Could not complete get operation [Cause: apollo.meta]]
2019-08-06 11:25:53.729  WARN 59508 --- [main] c.c.f.apollo.internals.DefaultConfig     : Init Apollo Local Config failed - namespace: application, reason: Load config from local config failed! [Cause: Cannot read from local cache file C:\opt\data\shelves-tent-manager\config-cache\shelves-tent-manager+default+application.properties].
2019-08-06 11:25:53.756  INFO 59508 --- [main] f.a.AutowiredAnnotationBeanPostProcessor : JSR-330 'javax.inject.Inject' annotation found and supported for autowiring
2019-08-06 11:25:53.790  WARN 59508 --- [main] c.c.f.apollo.internals.DefaultConfig     : Could not load config for namespace application from Apollo, please check whether the configs are released in Apollo! Return default value now!
2019-08-06 11:25:54.559  INFO 59508 --- [main] o.s.b.w.embedded.tomcat.TomcatWebServer  : Tomcat initialized with port(s): 8282 (http)
2019-08-06 11:25:54.588  INFO 59508 --- [main] o.apache.catalina.core.StandardService   : Starting service [Tomcat]
2019-08-06 11:25:54.589  INFO 59508 --- [main] org.apache.catalina.core.StandardEngine  : Starting Servlet Engine: Apache Tomcat/8.5.34
2019-08-06 11:25:54.596  INFO 59508 --- [localhost-startStop-1] o.a.catalina.core.AprLifecycleListener   : The APR based Apache Tomcat Native library which allows optimal performance in production environments was not found on the java.library.path: [D:\DevTools\Java\jdk1.8.0_141\bin;C:\Windows\Sun\Java\bin;C:\Windows\system32;C:\Windows;D:/DevTools/Java/jdk1.8.0_141/bin/../jre/bin/server;D:/DevTools/Java/jdk1.8.0_141/bin/../jre/bin;D:/DevTools/Java/jdk1.8.0_141/bin/../jre/lib/amd64;C:\Windows\system32;C:\Windows;C:\Windows\System32\Wbem;C:\Windows\System32\WindowsPowerShell\v1.0\;C:\Windows\System32\OpenSSH\;C:\Program Files (x86)\MySQL\MySQL Fabric 1.5.2 & MySQL Utilities 1.5.2 1.5\;C:\Program Files (x86)\MySQL\MySQL Fabric 1.5.2 & MySQL Utilities 1.5.2 1.5\Doctrine extensions for PHP\;D:\DevTools\SVN\bin;D:\DevTools\Git\bin;D:\DevTools\GitServer\cmd;D:\DevTools\apache-maven-3.2.3\bin;D:\DevTools\Java\jdk1.8.0_141\bin;D:\DevTools\Java\jdk1.8.0_141\jre\bin;C:\Users\1000132502\AppData\Local\Microsoft\WindowsApps;;D:\DevTools\eclipse-4.4.1;;.]
2019-08-06 11:25:54.682  INFO 59508 --- [localhost-startStop-1] o.a.c.c.C.[Tomcat].[localhost].[/]       : Initializing Spring embedded WebApplicationContext
2019-08-06 11:25:54.682  INFO 59508 --- [localhost-startStop-1] o.s.web.context.ContextLoader            : Root WebApplicationContext: initialization completed in 16238 ms
2019-08-06 11:25:54.780  INFO 59508 --- [localhost-startStop-1] o.s.b.w.servlet.ServletRegistrationBean  : Servlet dispatcherServlet mapped to [/]
2019-08-06 11:25:54.783  INFO 59508 --- [localhost-startStop-1] o.s.b.w.servlet.ServletRegistrationBean  : Servlet statViewServlet mapped to [/druid/*]
2019-08-06 11:25:54.787  INFO 59508 --- [localhost-startStop-1] o.s.b.w.servlet.FilterRegistrationBean   : Mapping filter: 'characterEncodingFilter' to: [/*]
2019-08-06 11:25:54.787  INFO 59508 --- [localhost-startStop-1] o.s.b.w.servlet.FilterRegistrationBean   : Mapping filter: 'hiddenHttpMethodFilter' to: [/*]
2019-08-06 11:25:54.787  INFO 59508 --- [localhost-startStop-1] o.s.b.w.servlet.FilterRegistrationBean   : Mapping filter: 'httpPutFormContentFilter' to: [/*]
2019-08-06 11:25:54.787  INFO 59508 --- [localhost-startStop-1] o.s.b.w.servlet.FilterRegistrationBean   : Mapping filter: 'requestContextFilter' to: [/*]
2019-08-06 11:25:54.788  INFO 59508 --- [localhost-startStop-1] o.s.b.w.servlet.FilterRegistrationBean   : Mapping filter: 'webStatFilter' to urls: [/*]
2019-08-06 11:25:54.962  INFO 59508 --- [main] c.b.d.d.DynamicDataSourceCreator         : 动态数据源-检测到druid存在,如配置中未指定type,druid会默认配置
2019-08-06 11:25:55.293  INFO 59508 --- [main] com.alibaba.druid.pool.DruidDataSource   : {dataSource-1,mysql} inited
2019-08-06 11:25:55.293  WARN 59508 --- [main] c.a.druid.pool.DruidAbstractDataSource   : oracle.jdbc.driver.OracleDriver is deprecated.Having use oracle.jdbc.OracleDriver.
2019-08-06 11:25:55.730  WARN 59508 --- [Apollo-RemoteConfigLongPollService-1] c.c.f.a.i.RemoteConfigLongPollService    : Long polling failed, will retry in 4 seconds. appId: shelves-tent-manager, cluster: default, namespaces: application, long polling url: null, reason: Get config services failed from http://apollo.meta/services/config?appId=shelves-tent-manager&ip=10.12.30.82 [Cause: Could not complete get operation [Cause: apollo.meta]]
2019-08-06 11:25:56.178  INFO 59508 --- [main] com.alibaba.druid.pool.DruidDataSource   : {dataSource-2,oracle} inited
2019-08-06 11:25:56.179  INFO 59508 --- [main] c.b.d.d.DynamicRoutingDataSource         : 初始共加载 2 个数据源
2019-08-06 11:25:56.179  INFO 59508 --- [main] c.b.d.d.DynamicRoutingDataSource         : 动态数据源-加载 mysql 成功
2019-08-06 11:25:56.179  INFO 59508 --- [main] c.b.d.d.DynamicRoutingDataSource         : 动态数据源-加载 oracle 成功
2019-08-06 11:25:56.179  INFO 59508 --- [main] c.b.d.d.DynamicRoutingDataSource         : 当前的默认数据源是单数据源，数据源名为 oracle
2019-08-06 11:25:56.313  WARN 59508 --- [main] c.b.mybatisplus.toolkit.TableInfoHelper  : Warn: Could not find @TableId in Class: com.bbg.pojo.GoodsSkuRule.
2019-08-06 11:25:56.313  WARN 59508 --- [main] c.b.mybatisplus.mapper.AutoSqlInjector   : class com.bbg.pojo.GoodsSkuRule ,Not found @TableId annotation, Cannot use Mybatis-Plus 'xxById' Method.
2019-08-06 11:25:56.373  WARN 59508 --- [main] c.b.mybatisplus.toolkit.TableInfoHelper  : Warn: Could not find @TableId in Class: com.bbg.pojo.SpacemanReclass.
2019-08-06 11:25:56.374  WARN 59508 --- [main] c.b.mybatisplus.mapper.AutoSqlInjector   : class com.bbg.pojo.SpacemanReclass ,Not found @TableId annotation, Cannot use Mybatis-Plus 'xxById' Method.
2019-08-06 11:25:56.643  INFO 59508 --- [main] o.s.w.s.handler.SimpleUrlHandlerMapping  : Mapped URL path [/**/favicon.ico] onto handler of type [class org.springframework.web.servlet.resource.ResourceHttpRequestHandler]
2019-08-06 11:25:56.818  INFO 59508 --- [main] s.w.s.m.m.a.RequestMappingHandlerAdapter : Looking for @ControllerAdvice: org.springframework.boot.web.servlet.context.AnnotationConfigServletWebServerApplicationContext@c667f46: startup date [Tue Aug 06 11:25:38 CST 2019]; root of context hierarchy
2019-08-06 11:25:56.898  INFO 59508 --- [main] s.w.s.m.m.a.RequestMappingHandlerMapping : Mapped "{[/api/hello/exportExcel],methods=[GET]}" onto public void com.bbg.controller.HelloWorldController.exportExcel(javax.servlet.http.HttpServletResponse) throws java.io.IOException
2019-08-06 11:25:56.899  INFO 59508 --- [main] s.w.s.m.m.a.RequestMappingHandlerMapping : Mapped "{[/api/hello/readExcel],methods=[POST]}" onto public void com.bbg.controller.HelloWorldController.readExcel(org.springframework.web.multipart.MultipartFile)
2019-08-06 11:25:56.902  INFO 59508 --- [main] s.w.s.m.m.a.RequestMappingHandlerMapping : Mapped "{[/spacemanReclass/getSkuNum]}" onto private java.util.List<com.bbg.pojo.GoodsSkuRule> com.bbg.controller.SpacemanReclassController.getSkuNum(java.util.Map<java.lang.String, java.lang.String>)
2019-08-06 11:25:56.903  INFO 59508 --- [main] s.w.s.m.m.a.RequestMappingHandlerMapping : Mapped "{[/spacemanReclass/getSkuNumPage]}" onto private com.github.pagehelper.PageInfo com.bbg.controller.SpacemanReclassController.getSkuNumPage(java.util.Map<java.lang.String, java.lang.String>,com.github.pagehelper.PageInfo)
2019-08-06 11:25:56.903  INFO 59508 --- [main] s.w.s.m.m.a.RequestMappingHandlerMapping : Mapped "{[/spacemanReclass/getGoodsSkuRuleList]}" onto public java.util.List<com.bbg.pojo.GoodsSkuRule> com.bbg.controller.SpacemanReclassController.getGoodsSkuRuleList()
2019-08-06 11:25:56.904  INFO 59508 --- [main] s.w.s.m.m.a.RequestMappingHandlerMapping : Mapped "{[/spacemanReclass/getLayoutCategory]}" onto private java.util.List<com.bbg.pojo.SpacemanReclass> com.bbg.controller.SpacemanReclassController.getLayoutCategory(java.util.Map<java.lang.String, java.lang.String>)
2019-08-06 11:25:56.904  INFO 59508 --- [main] s.w.s.m.m.a.RequestMappingHandlerMapping : Mapped "{[/spacemanReclass/testDynamicDatasource]}" onto public java.util.List<com.bbg.pojo.Inventory> com.bbg.controller.SpacemanReclassController.testDynamicDatasource()
2019-08-06 11:25:56.905  INFO 59508 --- [main] s.w.s.m.m.a.RequestMappingHandlerMapping : Mapped "{[/spacemanReclass/getLayoutCategoryPage]}" onto private com.github.pagehelper.PageInfo com.bbg.controller.SpacemanReclassController.getLayoutCategoryPage(java.util.Map<java.lang.String, java.lang.String>,com.github.pagehelper.PageInfo)
2019-08-06 11:25:56.907  INFO 59508 --- [main] s.w.s.m.m.a.RequestMappingHandlerMapping : Mapped "{[/error]}" onto public org.springframework.http.ResponseEntity<java.util.Map<java.lang.String, java.lang.Object>> org.springframework.boot.autoconfigure.web.servlet.error.BasicErrorController.error(javax.servlet.http.HttpServletRequest)
2019-08-06 11:25:56.908  INFO 59508 --- [main] s.w.s.m.m.a.RequestMappingHandlerMapping : Mapped "{[/error],produces=[text/html]}" onto public org.springframework.web.servlet.ModelAndView org.springframework.boot.autoconfigure.web.servlet.error.BasicErrorController.errorHtml(javax.servlet.http.HttpServletRequest,javax.servlet.http.HttpServletResponse)
2019-08-06 11:25:56.935  INFO 59508 --- [main] o.s.w.s.handler.SimpleUrlHandlerMapping  : Mapped URL path [/webjars/**] onto handler of type [class org.springframework.web.servlet.resource.ResourceHttpRequestHandler]
2019-08-06 11:25:56.936  INFO 59508 --- [main] o.s.w.s.handler.SimpleUrlHandlerMapping  : Mapped URL path [/**] onto handler of type [class org.springframework.web.servlet.resource.ResourceHttpRequestHandler]
2019-08-06 11:25:57.314  INFO 59508 --- [main] o.s.j.e.a.AnnotationMBeanExporter        : Registering beans for JMX exposure on startup
2019-08-06 11:25:57.316  INFO 59508 --- [main] o.s.j.e.a.AnnotationMBeanExporter        : Bean with name 'statFilter' has been autodetected for JMX exposure
2019-08-06 11:25:57.320  INFO 59508 --- [main] o.s.j.e.a.AnnotationMBeanExporter        : Located MBean 'statFilter': registering with JMX server as MBean [com.alibaba.druid.filter.stat:name=statFilter,type=StatFilter]
2019-08-06 11:25:57.360  INFO 59508 --- [main] o.s.b.w.embedded.tomcat.TomcatWebServer  : Tomcat started on port(s): 8282 (http) with context path ''
2019-08-06 11:25:57.364  INFO 59508 --- [main] com.bbg.SpringCloudDemoApplication       : Started SpringCloudDemoApplication in 19.341 seconds (JVM running for 19.953)
2019-08-06 11:26:01.744  WARN 59508 --- [Apollo-RemoteConfigLongPollService-1] c.c.f.a.i.RemoteConfigLongPollService    : Long polling failed, will retry in 8 seconds. appId: shelves-tent-manager, cluster: default, namespaces: application, long polling url: null, reason: Get config services failed from http://apollo.meta/services/config?appId=shelves-tent-manager&ip=10.12.30.82 [Cause: Could not complete get operation [Cause: apollo.meta]]
2019-08-06 11:26:11.755  WARN 59508 --- [Apollo-RemoteConfigLongPollService-1] c.c.f.a.i.RemoteConfigLongPollService    : Long polling failed, will retry in 16 seconds. appId: shelves-tent-manager, cluster: default, namespaces: application, long polling url: null, reason: Get config services failed from http://apollo.meta/services/config?appId=shelves-tent-manager&ip=10.12.30.82 [Cause: Could not complete get operation [Cause: apollo.meta]]
2019-08-06 11:26:29.764  WARN 59508 --- [Apollo-RemoteConfigLongPollService-1] c.c.f.a.i.RemoteConfigLongPollService    : Long polling failed, will retry in 32 seconds. appId: shelves-tent-manager, cluster: default, namespaces: application, long polling url: null, reason: Get config services failed from http://apollo.meta/services/config?appId=shelves-tent-manager&ip=10.12.30.82 [Cause: Could not complete get operation [Cause: apollo.meta]]
2019-08-06 11:26:45.098  INFO 59508 --- [http-nio-8282-exec-1] o.a.c.c.C.[Tomcat].[localhost].[/]       : Initializing Spring FrameworkServlet 'dispatcherServlet'
2019-08-06 11:26:45.098  INFO 59508 --- [http-nio-8282-exec-1] o.s.web.servlet.DispatcherServlet        : FrameworkServlet 'dispatcherServlet': initialization started
2019-08-06 11:26:45.119  INFO 59508 --- [http-nio-8282-exec-1] o.s.web.servlet.DispatcherServlet        : FrameworkServlet 'dispatcherServlet': initialization completed in 21 ms
2019-08-06 11:27:03.775  WARN 59508 --- [Apollo-RemoteConfigLongPollService-1] c.c.f.a.i.RemoteConfigLongPollService    : Long polling failed, will retry in 64 seconds. appId: shelves-tent-manager, cluster: default, namespaces: application, long polling url: null, reason: Get config services failed from http://apollo.meta/services/config?appId=shelves-tent-manager&ip=10.12.30.82 [Cause: Could not complete get operation [Cause: apollo.meta]]
2019-08-06 11:28:09.784  WARN 59508 --- [Apollo-RemoteConfigLongPollService-1] c.c.f.a.i.RemoteConfigLongPollService    : Long polling failed, will retry in 120 seconds. appId: shelves-tent-manager, cluster: default, namespaces: application, long polling url: null, reason: Get config services failed from http://apollo.meta/services/config?appId=shelves-tent-manager&ip=10.12.30.82 [Cause: Could not complete get operation [Cause: apollo.meta]]
2019-08-06 11:30:11.799  WARN 59508 --- [Apollo-RemoteConfigLongPollService-1] c.c.f.a.i.RemoteConfigLongPollService    : Long polling failed, will retry in 120 seconds. appId: shelves-tent-manager, cluster: default, namespaces: application, long polling url: null, reason: Get config services failed from http://apollo.meta/services/config?appId=shelves-tent-manager&ip=10.12.30.82 [Cause: Could not complete get operation [Cause: apollo.meta]]
2019-08-06 11:30:45.713  WARN 59508 --- [Apollo-RemoteConfigRepository-1] c.c.f.a.i.AbstractConfigRepository       : Sync config failed, will retry. Repository class com.ctrip.framework.apollo.internals.RemoteConfigRepository, reason: Get config services failed from http://apollo.meta/services/config?appId=shelves-tent-manager&ip=10.12.30.82 [Cause: Could not complete get operation [Cause: apollo.meta]]
